# JRE version: Java(TM) SE Runtime Environment (8.0_51-b16) (build 1.8.0_51-b16)
# Java VM: Java HotSpot(TM) 64-Bit Server VM (25.51-b03 mixed mode windows-amd64 compressed oops)
Heap:
 PSYoungGen      total 223232K, used 95899K [0x00000000d5a00000, 0x00000000e4380000, 0x0000000100000000)
  eden space 209408K, 45% used [0x00000000d5a00000,0x00000000db7a6f98,0x00000000e2680000)
  from space 13824K, 0% used [0x00000000e2680000,0x00000000e2680000,0x00000000e3400000)
  to   space 14848K, 0% used [0x00000000e3500000,0x00000000e3500000,0x00000000e4380000)
 ParOldGen       total 66048K, used 19994K [0x0000000080e00000, 0x0000000084e80000, 0x00000000d5a00000)
  object space 66048K, 30% used [0x0000000080e00000,0x0000000082186b40,0x0000000084e80000)
 Metaspace       used 30319K, capacity 30872K, committed 30976K, reserved 1077248K
  class space    used 3726K, capacity 3832K, committed 3840K, reserved 1048576K
GC Heap History (10 events):
Event: 2.497 GC heap before
{Heap before GC invocations=6 (full 1):
 PSYoungGen      total 138240K, used 132567K [0x00000000d5a00000, 0x00000000de600000, 0x0000000100000000)
  eden space 133120K, 99% used [0x00000000d5a00000,0x00000000ddb75ee8,0x00000000ddc00000)
  from space 5120K, 0% used [0x00000000de100000,0x00000000de100000,0x00000000de600000)
  to   space 5120K, 0% used [0x00000000ddc00000,0x00000000ddc00000,0x00000000de100000)
 ParOldGen       total 66048K, used 12695K [0x0000000080e00000, 0x0000000084e80000, 0x00000000d5a00000)
  object space 66048K, 19% used [0x0000000080e00000,0x0000000081a65c38,0x0000000084e80000)
 Metaspace       used 27344K, capacity 27702K, committed 27904K, reserved 1073152K
  class space    used 3408K, capacity 3517K, committed 3584K, reserved 1048576K
Event: 2.506 GC heap after
Heap after GC invocations=6 (full 1):
 PSYoungGen      total 138240K, used 5092K [0x00000000d5a00000, 0x00000000e4380000, 0x0000000100000000)
  eden space 133120K, 0% used [0x00000000d5a00000,0x00000000d5a00000,0x00000000ddc00000)
  from space 5120K, 99% used [0x00000000ddc00000,0x00000000de0f9030,0x00000000de100000)
  to   space 14848K, 0% used [0x00000000e3500000,0x00000000e3500000,0x00000000e4380000)
 ParOldGen       total 66048K, used 20312K [0x0000000080e00000, 0x0000000084e80000, 0x00000000d5a00000)
  object space 66048K, 30% used [0x0000000080e00000,0x00000000821d60f8,0x0000000084e80000)
 Metaspace       used 27344K, capacity 27702K, committed 27904K, reserved 1073152K
  class space    used 3408K, capacity 3517K, committed 3584K, reserved 1048576K
}
Event: 135.136 GC heap before
{Heap before GC invocations=7 (full 1):
 PSYoungGen      total 138240K, used 75467K [0x00000000d5a00000, 0x00000000e4380000, 0x0000000100000000)
  eden space 133120K, 52% used [0x00000000d5a00000,0x00000000d9eb9c00,0x00000000ddc00000)
  from space 5120K, 99% used [0x00000000ddc00000,0x00000000de0f9030,0x00000000de100000)
  to   space 14848K, 0% used [0x00000000e3500000,0x00000000e3500000,0x00000000e4380000)
 ParOldGen       total 66048K, used 20312K [0x0000000080e00000, 0x0000000084e80000, 0x00000000d5a00000)
  object space 66048K, 30% used [0x0000000080e00000,0x00000000821d60f8,0x0000000084e80000)
 Metaspace       used 30052K, capacity 30372K, committed 30720K, reserved 1077248K
  class space    used 3697K, capacity 3793K, committed 3840K, reserved 1048576K
Event: 135.145 GC heap after
Heap after GC invocations=7 (full 1):
 PSYoungGen      total 222208K, used 8657K [0x00000000d5a00000, 0x00000000e4180000, 0x0000000100000000)
  eden space 209408K, 0% used [0x00000000d5a00000,0x00000000d5a00000,0x00000000e2680000)
  from space 12800K, 67% used [0x00000000e3500000,0x00000000e3d747c0,0x00000000e4180000)
  to   space 13824K, 0% used [0x00000000e2680000,0x00000000e2680000,0x00000000e3400000)
 ParOldGen       total 66048K, used 20320K [0x0000000080e00000, 0x0000000084e80000, 0x00000000d5a00000)
  object space 66048K, 30% used [0x0000000080e00000,0x00000000821d80f8,0x0000000084e80000)
 Metaspace       used 30052K, capacity 30372K, committed 30720K, reserved 1077248K
  class space    used 3697K, capacity 3793K, committed 3840K, reserved 1048576K
}
Event: 135.145 GC heap before
{Heap before GC invocations=8 (full 2):
 PSYoungGen      total 222208K, used 8657K [0x00000000d5a00000, 0x00000000e4180000, 0x0000000100000000)
  eden space 209408K, 0% used [0x00000000d5a00000,0x00000000d5a00000,0x00000000e2680000)
  from space 12800K, 67% used [0x00000000e3500000,0x00000000e3d747c0,0x00000000e4180000)
  to   space 13824K, 0% used [0x00000000e2680000,0x00000000e2680000,0x00000000e3400000)
 ParOldGen       total 66048K, used 20320K [0x0000000080e00000, 0x0000000084e80000, 0x00000000d5a00000)
  object space 66048K, 30% used [0x0000000080e00000,0x00000000821d80f8,0x0000000084e80000)
 Metaspace       used 30052K, capacity 30372K, committed 30720K, reserved 1077248K
  class space    used 3697K, capacity 3793K, committed 3840K, reserved 1048576K
Event: 135.214 GC heap after
Heap after GC invocations=8 (full 2):
 PSYoungGen      total 222208K, used 0K [0x00000000d5a00000, 0x00000000e4180000, 0x0000000100000000)
  eden space 209408K, 0% used [0x00000000d5a00000,0x00000000d5a00000,0x00000000e2680000)
  from space 12800K, 0% used [0x00000000e3500000,0x00000000e3500000,0x00000000e4180000)
  to   space 13824K, 0% used [0x00000000e2680000,0x00000000e2680000,0x00000000e3400000)
 ParOldGen       total 66048K, used 20814K [0x0000000080e00000, 0x0000000084e80000, 0x00000000d5a00000)
  object space 66048K, 31% used [0x0000000080e00000,0x00000000822538e8,0x0000000084e80000)
 Metaspace       used 30052K, capacity 30372K, committed 30720K, reserved 1077248K
  class space    used 3697K, capacity 3793K, committed 3840K, reserved 1048576K
}
Event: 167.773 GC heap before
{Heap before GC invocations=9 (full 2):
 PSYoungGen      total 222208K, used 99331K [0x00000000d5a00000, 0x00000000e4180000, 0x0000000100000000)
  eden space 209408K, 47% used [0x00000000d5a00000,0x00000000dbb00f68,0x00000000e2680000)
  from space 12800K, 0% used [0x00000000e3500000,0x00000000e3500000,0x00000000e4180000)
  to   space 13824K, 0% used [0x00000000e2680000,0x00000000e2680000,0x00000000e3400000)
 ParOldGen       total 66048K, used 20814K [0x0000000080e00000, 0x0000000084e80000, 0x00000000d5a00000)
  object space 66048K, 31% used [0x0000000080e00000,0x00000000822538e8,0x0000000084e80000)
 Metaspace       used 30229K, capacity 30704K, committed 30976K, reserved 1077248K
  class space    used 3717K, capacity 3821K, committed 3840K, reserved 1048576K
Event: 167.780 GC heap after
Heap after GC invocations=9 (full 2):
 PSYoungGen      total 223232K, used 2707K [0x00000000d5a00000, 0x00000000e4380000, 0x0000000100000000)
  eden space 209408K, 0% used [0x00000000d5a00000,0x00000000d5a00000,0x00000000e2680000)
  from space 13824K, 19% used [0x00000000e2680000,0x00000000e2924e78,0x00000000e3400000)
  to   space 14848K, 0% used [0x00000000e3500000,0x00000000e3500000,0x00000000e4380000)
 ParOldGen       total 66048K, used 20822K [0x0000000080e00000, 0x0000000084e80000, 0x00000000d5a00000)
  object space 66048K, 31% used [0x0000000080e00000,0x00000000822558e8,0x0000000084e80000)
 Metaspace       used 30229K, capacity 30704K, committed 30976K, reserved 1077248K
  class space    used 3717K, capacity 3821K, committed 3840K, reserved 1048576K
}
Event: 167.780 GC heap before
{Heap before GC invocations=10 (full 3):
 PSYoungGen      total 223232K, used 2707K [0x00000000d5a00000, 0x00000000e4380000, 0x0000000100000000)
  eden space 209408K, 0% used [0x00000000d5a00000,0x00000000d5a00000,0x00000000e2680000)
  from space 13824K, 19% used [0x00000000e2680000,0x00000000e2924e78,0x00000000e3400000)
  to   space 14848K, 0% used [0x00000000e3500000,0x00000000e3500000,0x00000000e4380000)
 ParOldGen       total 66048K, used 20822K [0x0000000080e00000, 0x0000000084e80000, 0x00000000d5a00000)
  object space 66048K, 31% used [0x0000000080e00000,0x00000000822558e8,0x0000000084e80000)
 Metaspace       used 30229K, capacity 30704K, committed 30976K, reserved 1077248K
  class space    used 3717K, capacity 3821K, committed 3840K, reserved 1048576K
Event: 167.876 GC heap after
Heap after GC invocations=10 (full 3):
 PSYoungGen      total 223232K, used 0K [0x00000000d5a00000, 0x00000000e4380000, 0x0000000100000000)
  eden space 209408K, 0% used [0x00000000d5a00000,0x00000000d5a00000,0x00000000e2680000)
  from space 13824K, 0% used [0x00000000e2680000,0x00000000e2680000,0x00000000e3400000)
  to   space 14848K, 0% used [0x00000000e3500000,0x00000000e3500000,0x00000000e4380000)
 ParOldGen       total 66048K, used 19994K [0x0000000080e00000, 0x0000000084e80000, 0x00000000d5a00000)
  object space 66048K, 30% used [0x0000000080e00000,0x0000000082186b40,0x0000000084e80000)
 Metaspace       used 30227K, capacity 30698K, committed 30976K, reserved 1077248K
  class space    used 3717K, capacity 3819K, committed 3840K, reserved 1048576K
}

